<?xml version="1.0" encoding="UTF-8"?>
<!-- Generated by org.testng.reporters.JUnitXMLReporter -->
<testsuite hostname="SAIF" name="Test" tests="3" failures="1" timestamp="6 Aug 2020 02:49:19 GMT" time="84.213" errors="0">
  <testcase name="feature" time="29.626" classname="bdd.runners.RunnerClass"/>
  <testcase name="feature" time="29.161" classname="bdd.runners.RunnerClass"/>
  <testcase name="feature" time="20.242" classname="bdd.runners.RunnerClass">
    <failure type="cucumber.runtime.CucumberException" message="junit.framework.ComparisonFailure: expected:&amp;lt;$[0.0]0&amp;gt; but was:&amp;lt;$[1.8]0&amp;gt;">
      <![CDATA[cucumber.runtime.CucumberException: junit.framework.ComparisonFailure: expected:<$[0.0]0> but was:<$[1.8]0>
	at cucumber.api.testng.TestNGCucumberRunner.runCucumber(TestNGCucumberRunner.java:69)
	at cucumber.api.testng.AbstractTestNGCucumberTests.feature(AbstractTestNGCucumberTests.java:21)
	at org.apache.maven.surefire.testng.TestNGExecutor.run(TestNGExecutor.java:283)
	at org.apache.maven.surefire.testng.TestNGXmlTestSuite.execute(TestNGXmlTestSuite.java:75)
	at org.apache.maven.surefire.testng.TestNGProvider.invoke(TestNGProvider.java:120)
	at org.apache.maven.surefire.booter.ForkedBooter.invokeProviderInSameClassLoader(ForkedBooter.java:379)
	at org.apache.maven.surefire.booter.ForkedBooter.runSuitesInProcess(ForkedBooter.java:340)
	at org.apache.maven.surefire.booter.ForkedBooter.execute(ForkedBooter.java:125)
	at org.apache.maven.surefire.booter.ForkedBooter.main(ForkedBooter.java:413)
Caused by: junit.framework.ComparisonFailure: expected:<$[0.0]0> but was:<$[1.8]0>
	at junit.framework.Assert.assertEquals(Assert.java:85)
	at junit.framework.Assert.assertEquals(Assert.java:91)
	at bdd.usps.PageActions.UspsCalculatePriceActions.verifyTotalPrice(UspsCalculatePriceActions.java:49)
	at bdd.usps.stepDef.UspsCalculatePriceSteps.varify_the_total_price_is_correct(UspsCalculatePriceSteps.java:33)
	at âœ½.Then Varify the total price is correct(03.UspsCalculateAPrice.feature:9)
... Removed 21 stack frames]]>
    </failure>
  </testcase> <!-- feature -->
</testsuite> <!-- Test -->
